#
# A fatal error has been detected by the Java Runtime Environment:
#
#  SIGSEGV (0xb) at pc=0x00007f277e1d2543, pid=25082, tid=0x00007f2768682700
#
# JRE version: Java(TM) SE Runtime Environment (8.0_144-b01) (build 1.8.0_144-b01)
# Java VM: Java HotSpot(TM) 64-Bit Server VM (25.144-b01 mixed mode linux-amd64 compressed oops)
# Problematic frame:
# V  [libjvm.so+0x992543]  oopDesc* PSPromotionManager::copy_to_survivor_space<false>(oopDesc*)+0x143
#
# Failed to write core dump. Core dumps have been disabled. To enable core dumping, try "ulimit -c unlimited" before starting Java again
#
# If you would like to submit a bug report, please visit:
#   http://bugreport.java.com/bugreport/crash.jsp
#

---------------  T H R E A D  ---------------

Current thread (0x00007f2778025000):  GCTaskThread [stack: 0x00007f2768582000,0x00007f2768683000] [id=25093]

siginfo: si_signo: 11 (SIGSEGV), si_code: 1 (SEGV_MAPERR), si_addr: 0x0000000000000008

Registers:
RAX=0x00007f277e7d67e0, RBX=0x00000000be2df130, RCX=0x0000000000000003, RDX=0x0000000000000001
RSP=0x00007f2768681ca0, RBP=0x00007f2768681d10, RSI=0x00000000d8082580, RDI=0x0000000000000000
R8 =0x00000000cd90cf50, R9 =0x00007f277e809f30, R10=0x00007f277e7facf9, R11=0x0000000000000246
R12=0x00000000d8082580, R13=0x88b9f2c00000000a, R14=0x00007f2768681d30, R15=0x00007f2768681d3c
RIP=0x00007f277e1d2543, EFLAGS=0x0000000000010246, CSGSFS=0x002b000000000033, ERR=0x0000000000000004
  TRAPNO=0x000000000000000e

Top of Stack: (sp=0x00007f2768681ca0)
0x00007f2768681ca0:   0000ad2200014831 00007f277e7facf9
0x00007f2768681cb0:   00008ade00009979 00007f277807d8c0
0x00007f2768681cc0:   0000ad2200014848 0000000000000400
0x00007f2768681cd0:   0000ad2200014847 00007f275195d948
0x00007f2768681ce0:   000000047e7adb30 00000000be2df130
0x00007f2768681cf0:   00007f277e7d67d0 0000000000000003
0x00007f2768681d00:   00007f2768681d30 00007f2768681d3c
0x00007f2768681d10:   00007f2768681d70 00007f277e1d5d26
0x00007f2768681d20:   00007f27300ef010 00007f277807d8c0
0x00007f2768681d30:   00000000be2df131 1f803f287de1a1d7
0x00007f2768681d40:   00007f2768681d70 00007f27300ef010
0x00007f2768681d50:   00007f2778025000 0000000000000001
0x00007f2768681d60:   00007f2778025640 00007f277e39713b
0x00007f2768681d70:   00007f2768681e80 00007f277de1aecf
0x00007f2768681d80:   0000000000000000 00007f2768681dc0
0x00007f2768681d90:   00007f2768681e40 0000000000000000
0x00007f2768681da0:   00007f2778025680 00007f2778025690
0x00007f2768681db0:   00007f2778025a68 00000000000003d8
0x00007f2768681dc0:   00007f2778025000 00007f2778025a70
0x00007f2768681dd0:   00007f2778025ab0 00007f2778025ac0
0x00007f2768681de0:   00007f2778025b98 00000000000000d8
0x00007f2768681df0:   00007f2768681e00 00007f277e123e67
0x00007f2768681e00:   00007f2778025000 00007f2778025a70
0x00007f2768681e10:   00007f2778025ab0 00007f2778025ac0
0x00007f2768681e20:   00007f2778025b98 00000000000000d8
0x00007f2768681e30:   00007f2778025cd0 00007f277e124726
0x00007f2768681e40:   0000000000000000 00007f2778025000
0x00007f2768681e50:   00007f2768681e80 0000000000000000
0x00007f2768681e60:   00007f2778026640 00007f2778026550
0x00007f2768681e70:   00007f2778025000 00007f2768682700
0x00007f2768681e80:   00007f2768681f50 00007f277e16a338
0x00007f2768681e90:   0000000000000000 0000000000000000 

Instructions: (pc=0x00007f277e1d2543)
0x00007f277e1d2523:   83 e0 07 48 83 f8 05 75 d3 31 db eb d6 48 8b 05
0x00007f277e1d2533:   e1 50 5e 00 8b 7e 08 8b 48 08 48 d3 e7 48 03 38
0x00007f277e1d2543:   8b 77 08 83 fe 00 0f 8f 0a ff ff ff 0f 85 4b 02
0x00007f277e1d2553:   00 00 0f 1f 00 48 8b 07 4c 89 e6 4c 89 55 98 ff 

Register to memory mapping:

RAX=0x00007f277e7d67e0: <offset 0xf967e0> in /opt/java/jdk1.8/jre/lib/amd64/server/libjvm.so at 0x00007f277d840000
RBX=0x00000000be2df130 is pointing into object: 0x00000000b5a9f630
[Ljava.lang.Object; 
 - klass: 'java/lang/Object'[]
 - length: 46727380
RCX=0x0000000000000003 is an unknown value
RDX=0x0000000000000001 is an unknown value
RSP=0x00007f2768681ca0 is an unknown value
RBP=0x00007f2768681d10 is an unknown value
RSI=0x00000000d8082580 is an oop

[error occurred during error reporting (printing register info), id 0xb]

Stack: [0x00007f2768582000,0x00007f2768683000],  sp=0x00007f2768681ca0,  free space=1023k
Native frames: (J=compiled Java code, j=interpreted, Vv=VM code, C=native code)
V  [libjvm.so+0x992543]  oopDesc* PSPromotionManager::copy_to_survivor_space<false>(oopDesc*)+0x143
V  [libjvm.so+0x995d26]  StealTask::do_it(GCTaskManager*, unsigned int)+0x2f6
V  [libjvm.so+0x5daecf]  GCTaskThread::run()+0x12f
V  [libjvm.so+0x92a338]  java_start(Thread*)+0x108


---------------  P R O C E S S  ---------------

Java Threads: ( => current thread )
  0x00007f2778213000 JavaThread "ReaderThread" [_thread_in_native, id=25108, stack(0x00007f2750892000,0x00007f2750993000)]
  0x00007f27780d3800 JavaThread "Service Thread" daemon [_thread_blocked, id=25106, stack(0x00007f2750d79000,0x00007f2750e7a000)]
  0x00007f27780c8000 JavaThread "C1 CompilerThread3" daemon [_thread_blocked, id=25105, stack(0x00007f2750e7a000,0x00007f2750f7b000)]
  0x00007f27780c6000 JavaThread "C2 CompilerThread2" daemon [_thread_blocked, id=25104, stack(0x00007f2750f7b000,0x00007f275107c000)]
  0x00007f27780c4000 JavaThread "C2 CompilerThread1" daemon [_thread_blocked, id=25103, stack(0x00007f275107c000,0x00007f275117d000)]
  0x00007f27780c1800 JavaThread "C2 CompilerThread0" daemon [_thread_blocked, id=25102, stack(0x00007f275117d000,0x00007f275127e000)]
  0x00007f27780bd800 JavaThread "Signal Dispatcher" daemon [_thread_blocked, id=25101, stack(0x00007f275127e000,0x00007f275137f000)]
  0x00007f277808d000 JavaThread "Finalizer" daemon [_thread_blocked, id=25100, stack(0x00007f275165c000,0x00007f275175d000)]
  0x00007f2778088000 JavaThread "Reference Handler" daemon [_thread_blocked, id=25099, stack(0x00007f275175d000,0x00007f275185e000)]
  0x00007f277800a800 JavaThread "main" [_thread_blocked, id=25085, stack(0x00007f277f32f000,0x00007f277f430000)]

Other Threads:
  0x00007f2778080800 VMThread [stack: 0x00007f275185e000,0x00007f275195f000] [id=25098]
  0x00007f27780d6000 WatcherThread [stack: 0x00007f2750c78000,0x00007f2750d79000] [id=25107]

=>0x00007f2778025000 (exited) GCTaskThread [stack: 0x00007f2768582000,0x00007f2768683000] [id=25093]

VM state:at safepoint (normal execution)

VM Mutex/Monitor currently owned by a thread:  ([mutex/lock_event])
[0x00007f2778006cf0] Threads_lock - owner thread: 0x00007f2778080800
[0x00007f27780071f0] Heap_lock - owner thread: 0x00007f277800a800

Heap:
 PSYoungGen      total 296448K, used 296448K [0x00000000d6980000, 0x00000000f9f00000, 0x0000000100000000)
  eden space 99840K, 100% used [0x00000000d6980000,0x00000000dcb00000,0x00000000dcb00000)
  from space 196608K, 100% used [0x00000000ea780000,0x00000000f6780000,0x00000000f6780000)
  to   space 225792K, 44% used [0x00000000dcb00000,0x00000000e2ca8000,0x00000000ea780000)
 ParOldGen       total 1357312K, used 1357307K [0x0000000083c00000, 0x00000000d6980000, 0x00000000d6980000)
  object space 1357312K, 99% used [0x0000000083c00000,0x00000000d697ee70,0x00000000d6980000)
 Metaspace       used 7082K, capacity 7338K, committed 7680K, reserved 1056768K
  class space    used 817K, capacity 913K, committed 1024K, reserved 1048576K

Card table byte_map: [0x00007f2768c1d000,0x00007f2769000000] byte_map_base: 0x00007f27687ff000

Marking Bits: (ParMarkBitMap*) 0x00007f277e809dc0
 Begin Bits: [0x00007f27601e0000, 0x00007f27620f0000)
 End Bits:   [0x00007f27620f0000, 0x00007f2764000000)

Polling page: 0x00007f277f457000

CodeCache: size=245760Kb used=2191Kb max_used=2191Kb free=243568Kb
 bounds [0x00007f2769000000, 0x00007f2769270000, 0x00007f2778000000]
 total_blobs=810 nmethods=505 adapters=219
 compilation: enabled

Compilation events (10 events):
Event: 0.313 Thread 0x00007f27780c8000  500       3       sun.misc.VM::addFinalRefCount (24 bytes)
Event: 0.313 Thread 0x00007f27780c8000 nmethod 500 0x00007f2769212710 code [0x00007f2769212880, 0x00007f2769212a30]
Event: 0.313 Thread 0x00007f27780c8000  502   !   3       java.lang.ref.Reference::tryHandlePending (115 bytes)
Event: 0.314 Thread 0x00007f27780c8000 nmethod 502 0x00007f2769213310 code [0x00007f2769213540, 0x00007f27692141e8]
Event: 0.314 Thread 0x00007f27780c8000  503   !   3       java.lang.ref.ReferenceQueue::enqueue (119 bytes)
Event: 0.314 Thread 0x00007f27780c8000 nmethod 503 0x00007f2769211c10 code [0x00007f2769211dc0, 0x00007f2769212528]
Event: 0.314 Thread 0x00007f27780c8000  504       3       java.lang.ref.ReferenceQueue::reallyPoll (66 bytes)
Event: 0.315 Thread 0x00007f27780c8000 nmethod 504 0x00007f27692256d0 code [0x00007f2769225860, 0x00007f2769225cd0]
Event: 0.315 Thread 0x00007f27780c8000  505   !   3       java.util.zip.ZipFile$ZipFileInputStream::close (110 bytes)
Event: 0.315 Thread 0x00007f27780c8000 nmethod 505 0x00007f2769224990 code [0x00007f2769224b40, 0x00007f2769225358]

GC Heap History (10 events):
Event: 21.866 GC heap after
Heap after GC invocations=28 (full 6):
 PSYoungGen      total 304640K, used 84672K [0x00000000d6980000, 0x00000000f7080000, 0x0000000100000000)
  eden space 84480K, 0% used [0x00000000d6980000,0x00000000d6980000,0x00000000dbc00000)
  from space 220160K, 38% used [0x00000000dbc00000,0x00000000e0eb0000,0x00000000e9300000)
  to   space 212480K, 0% used [0x00000000ea100000,0x00000000ea100000,0x00000000f7080000)
 ParOldGen       total 1305088K, used 939622K [0x0000000083c00000, 0x00000000d3680000, 0x00000000d6980000)
  object space 1305088K, 71% used [0x0000000083c00000,0x00000000bd199970,0x00000000d3680000)
 Metaspace       used 7082K, capacity 7338K, committed 7680K, reserved 1056768K
  class space    used 817K, capacity 913K, committed 1024K, reserved 1048576K
}
Event: 22.121 GC heap before
{Heap before GC invocations=29 (full 6):
 PSYoungGen      total 304640K, used 169152K [0x00000000d6980000, 0x00000000f7080000, 0x0000000100000000)
  eden space 84480K, 100% used [0x00000000d6980000,0x00000000dbc00000,0x00000000dbc00000)
  from space 220160K, 38% used [0x00000000dbc00000,0x00000000e0eb0000,0x00000000e9300000)
  to   space 212480K, 0% used [0x00000000ea100000,0x00000000ea100000,0x00000000f7080000)
 ParOldGen       total 1305088K, used 1122151K [0x0000000083c00000, 0x00000000d3680000, 0x00000000d6980000)
  object space 1305088K, 85% used [0x0000000083c00000,0x00000000c83d9cd0,0x00000000d3680000)
 Metaspace       used 7082K, capacity 7338K, committed 7680K, reserved 1056768K
  class space    used 817K, capacity 913K, committed 1024K, reserved 1048576K
Event: 22.718 GC heap after
Heap after GC invocations=29 (full 6):
 PSYoungGen      total 304640K, used 84672K [0x00000000d6980000, 0x00000000f6200000, 0x0000000100000000)
  eden space 107008K, 0% used [0x00000000d6980000,0x00000000d6980000,0x00000000dd200000)
  from space 197632K, 42% used [0x00000000ea100000,0x00000000ef3b0000,0x00000000f6200000)
  to   space 204800K, 0% used [0x00000000dd200000,0x00000000dd200000,0x00000000e9a00000)
 ParOldGen       total 1305088K, used 1206991K [0x0000000083c00000, 0x00000000d3680000, 0x00000000d6980000)
  object space 1305088K, 92% used [0x0000000083c00000,0x00000000cd6b3cd0,0x00000000d3680000)
 Metaspace       used 7082K, capacity 7338K, committed 7680K, reserved 1056768K
  class space    used 817K, capacity 913K, committed 1024K, reserved 1048576K
}
Event: 22.718 GC heap before
{Heap before GC invocations=30 (full 7):
 PSYoungGen      total 304640K, used 84672K [0x00000000d6980000, 0x00000000f6200000, 0x0000000100000000)
  eden space 107008K, 0% used [0x00000000d6980000,0x00000000d6980000,0x00000000dd200000)
  from space 197632K, 42% used [0x00000000ea100000,0x00000000ef3b0000,0x00000000f6200000)
  to   space 204800K, 0% used [0x00000000dd200000,0x00000000dd200000,0x00000000e9a00000)
 ParOldGen       total 1305088K, used 1206991K [0x0000000083c00000, 0x00000000d3680000, 0x00000000d6980000)
  object space 1305088K, 92% used [0x0000000083c00000,0x00000000cd6b3cd0,0x00000000d3680000)
 Metaspace       used 7082K, capacity 7338K, committed 7680K, reserved 1056768K
  class space    used 817K, capacity 913K, committed 1024K, reserved 1048576K
Event: 36.015 GC heap after
Heap after GC invocations=30 (full 7):
 PSYoungGen      total 304640K, used 0K [0x00000000d6980000, 0x00000000f6200000, 0x0000000100000000)
  eden space 107008K, 0% used [0x00000000d6980000,0x00000000d6980000,0x00000000dd200000)
  from space 197632K, 0% used [0x00000000ea100000,0x00000000ea100000,0x00000000f6200000)
  to   space 204800K, 0% used [0x00000000dd200000,0x00000000dd200000,0x00000000e9a00000)
 ParOldGen       total 1357312K, used 1169275K [0x0000000083c00000, 0x00000000d6980000, 0x00000000d6980000)
  object space 1357312K, 86% used [0x0000000083c00000,0x00000000cb1dee70,0x00000000d6980000)
 Metaspace       used 7082K, capacity 7338K, committed 7680K, reserved 1056768K
  class space    used 817K, capacity 913K, committed 1024K, reserved 1048576K
}
Event: 37.825 GC heap before
{Heap before GC invocations=31 (full 7):
 PSYoungGen      total 304640K, used 107008K [0x00000000d6980000, 0x00000000f6200000, 0x0000000100000000)
  eden space 107008K, 100% used [0x00000000d6980000,0x00000000dd200000,0x00000000dd200000)
  from space 197632K, 0% used [0x00000000ea100000,0x00000000ea100000,0x00000000f6200000)
  to   space 204800K, 0% used [0x00000000dd200000,0x00000000dd200000,0x00000000e9a00000)
 ParOldGen       total 1357312K, used 1169275K [0x0000000083c00000, 0x00000000d6980000, 0x00000000d6980000)
  object space 1357312K, 86% used [0x0000000083c00000,0x00000000cb1dee70,0x00000000d6980000)
 Metaspace       used 7082K, capacity 7338K, committed 7680K, reserved 1056768K
  class space    used 817K, capacity 913K, committed 1024K, reserved 1048576K
Event: 39.253 GC heap after
Heap after GC invocations=31 (full 7):
 PSYoungGen      total 311808K, used 107168K [0x00000000d6980000, 0x00000000f6780000, 0x0000000100000000)
  eden space 107008K, 0% used [0x00000000d6980000,0x00000000d6980000,0x00000000dd200000)
  from space 204800K, 52% used [0x00000000dd200000,0x00000000e3aa8000,0x00000000e9a00000)
  to   space 196608K, 0% used [0x00000000ea780000,0x00000000ea780000,0x00000000f6780000)
 ParOldGen       total 1357312K, used 1169275K [0x0000000083c00000, 0x00000000d6980000, 0x00000000d6980000)
  object space 1357312K, 86% used [0x0000000083c00000,0x00000000cb1dee70,0x00000000d6980000)
 Metaspace       used 7082K, capacity 7338K, committed 7680K, reserved 1056768K
  class space    used 817K, capacity 913K, committed 1024K, reserved 1048576K
}
Event: 39.333 GC heap before
{Heap before GC invocations=32 (full 7):
 PSYoungGen      total 311808K, used 214176K [0x00000000d6980000, 0x00000000f6780000, 0x0000000100000000)
  eden space 107008K, 100% used [0x00000000d6980000,0x00000000dd200000,0x00000000dd200000)
  from space 204800K, 52% used [0x00000000dd200000,0x00000000e3aa8000,0x00000000e9a00000)
  to   space 196608K, 0% used [0x00000000ea780000,0x00000000ea780000,0x00000000f6780000)
 ParOldGen       total 1357312K, used 1169275K [0x0000000083c00000, 0x00000000d6980000, 0x00000000d6980000)
  object space 1357312K, 86% used [0x0000000083c00000,0x00000000cb1dee70,0x00000000d6980000)
 Metaspace       used 7082K, capacity 7338K, committed 7680K, reserved 1056768K
  class space    used 817K, capacity 913K, committed 1024K, reserved 1048576K
Event: 55.321 GC heap after
Heap after GC invocations=32 (full 7):
 PSYoungGen      total 296448K, used 196608K [0x00000000d6980000, 0x00000000f9f00000, 0x0000000100000000)
  eden space 99840K, 0% used [0x00000000d6980000,0x00000000d6980000,0x00000000dcb00000)
  from space 196608K, 100% used [0x00000000ea780000,0x00000000f6780000,0x00000000f6780000)
  to   space 225792K, 0% used [0x00000000dcb00000,0x00000000dcb00000,0x00000000ea780000)
 ParOldGen       total 1357312K, used 1187099K [0x0000000083c00000, 0x00000000d6980000, 0x00000000d6980000)
  object space 1357312K, 87% used [0x0000000083c00000,0x00000000cc346e70,0x00000000d6980000)
 Metaspace       used 7082K, capacity 7338K, committed 7680K, reserved 1056768K
  class space    used 817K, capacity 913K, committed 1024K, reserved 1048576K
}
Event: 55.802 GC heap before
{Heap before GC invocations=33 (full 7):
 PSYoungGen      total 296448K, used 296448K [0x00000000d6980000, 0x00000000f9f00000, 0x0000000100000000)
  eden space 99840K, 100% used [0x00000000d6980000,0x00000000dcb00000,0x00000000dcb00000)
  from space 196608K, 100% used [0x00000000ea780000,0x00000000f6780000,0x00000000f6780000)
  to   space 225792K, 0% used [0x00000000dcb00000,0x00000000dcb00000,0x00000000ea780000)
 ParOldGen       total 1357312K, used 1187099K [0x0000000083c00000, 0x00000000d6980000, 0x00000000d6980000)
  object space 1357312K, 87% used [0x0000000083c00000,0x00000000cc346e70,0x00000000d6980000)
 Metaspace       used 7082K, capacity 7338K, committed 7680K, reserved 1056768K
  class space    used 817K, capacity 913K, committed 1024K, reserved 1048576K

Deoptimization events (0 events):
No events

Internal exceptions (4 events):
Event: 0.017 Thread 0x00007f277800a800 Exception <a 'java/lang/NoSuchMethodError': Method sun.misc.Unsafe.defineClass(Ljava/lang/String;[BII)Ljava/lang/Class; name or signature does not match> (0x00000000d6987ca8) thrown at [/HUDSON3/workspace/8-2-build-linux-amd64/jdk8u144/9417/hotspot/src/sh
Event: 0.017 Thread 0x00007f277800a800 Exception <a 'java/lang/NoSuchMethodError': Method sun.misc.Unsafe.prefetchRead(Ljava/lang/Object;J)V name or signature does not match> (0x00000000d6987f90) thrown at [/HUDSON3/workspace/8-2-build-linux-amd64/jdk8u144/9417/hotspot/src/share/vm/prims/jni.c
Event: 0.208 Thread 0x00007f277800a800 Exception <a 'java/lang/NoSuchFieldError': method resolution failed> (0x00000000d70a45b8) thrown at [/HUDSON3/workspace/8-2-build-linux-amd64/jdk8u144/9417/hotspot/src/share/vm/prims/methodHandles.cpp, line 1146]
Event: 0.209 Thread 0x00007f277800a800 Exception <a 'java/lang/NoSuchFieldError': method resolution failed> (0x00000000d70b1ca8) thrown at [/HUDSON3/workspace/8-2-build-linux-amd64/jdk8u144/9417/hotspot/src/share/vm/prims/methodHandles.cpp, line 1146]

Events (10 events):
Event: 21.218 Executing VM operation: ParallelGCFailedAllocation done
Event: 21.259 Executing VM operation: ParallelGCFailedAllocation
Event: 21.866 Executing VM operation: ParallelGCFailedAllocation done
Event: 22.121 Executing VM operation: ParallelGCFailedAllocation
Event: 36.187 Executing VM operation: ParallelGCFailedAllocation done
Event: 37.820 Executing VM operation: ParallelGCFailedAllocation
Event: 39.254 Executing VM operation: ParallelGCFailedAllocation done
Event: 39.333 Executing VM operation: ParallelGCFailedAllocation
Event: 55.322 Executing VM operation: ParallelGCFailedAllocation done
Event: 55.802 Executing VM operation: ParallelGCFailedAllocation


Dynamic libraries:
00400000-00401000 r-xp 00000000 08:05 12060042                           /opt/java/jdk1.8/bin/java
00600000-00601000 rw-p 00000000 08:05 12060042                           /opt/java/jdk1.8/bin/java
0142d000-0144e000 rw-p 00000000 00:00 0                                  [heap]
83c00000-d6980000 rw-p 00000000 00:00 0 
d6980000-f9f00000 rw-p 00000000 00:00 0 
f9f00000-100000000 ---p 00000000 00:00 0 
100000000-100100000 rw-p 00000000 00:00 0 
100100000-140000000 ---p 00000000 00:00 0 
7f2710000000-7f2710021000 rw-p 00000000 00:00 0 
7f2710021000-7f2714000000 ---p 00000000 00:00 0 
7f2714000000-7f2714021000 rw-p 00000000 00:00 0 
7f2714021000-7f2718000000 ---p 00000000 00:00 0 
7f2718fff000-7f271c000000 rw-p 00000000 00:00 0 
7f271c000000-7f271c20c000 rw-p 00000000 00:00 0 
7f271c20c000-7f2720000000 ---p 00000000 00:00 0 
7f2720000000-7f2720021000 rw-p 00000000 00:00 0 
7f2720021000-7f2724000000 ---p 00000000 00:00 0 
7f2724000000-7f272405b000 rw-p 00000000 00:00 0 
7f272405b000-7f2728000000 ---p 00000000 00:00 0 
7f2728000000-7f2728026000 rw-p 00000000 00:00 0 
7f2728026000-7f272c000000 ---p 00000000 00:00 0 
7f272c000000-7f272c021000 rw-p 00000000 00:00 0 
7f272c021000-7f2730000000 ---p 00000000 00:00 0 
7f2730000000-7f273013d000 rw-p 00000000 00:00 0 
7f273013d000-7f2734000000 ---p 00000000 00:00 0 
7f2734000000-7f2734021000 rw-p 00000000 00:00 0 
7f2734021000-7f2738000000 ---p 00000000 00:00 0 
7f2738000000-7f2738021000 rw-p 00000000 00:00 0 
7f2738021000-7f273c000000 ---p 00000000 00:00 0 
7f273c000000-7f273de96000 rw-p 00000000 00:00 0 
7f273de96000-7f2740000000 ---p 00000000 00:00 0 
7f2740000000-7f2740021000 rw-p 00000000 00:00 0 
7f2740021000-7f2744000000 ---p 00000000 00:00 0 
7f2744000000-7f27450f3000 rw-p 00000000 00:00 0 
7f27450f3000-7f2748000000 ---p 00000000 00:00 0 
7f2748000000-7f274a330000 rw-p 00000000 00:00 0 
7f274a330000-7f274c000000 ---p 00000000 00:00 0 
7f274c000000-7f274e659000 rw-p 00000000 00:00 0 
7f274e659000-7f2750000000 ---p 00000000 00:00 0 
7f275088f000-7f2750892000 r--s 0001a000 08:05 12060380                   /opt/java/jdk1.8/jre/lib/jce.jar
7f2750892000-7f2750895000 ---p 00000000 00:00 0 
7f2750895000-7f2750993000 rw-p 00000000 00:00 0 
7f2750993000-7f27509a9000 r-xp 00000000 08:05 12060126                   /opt/java/jdk1.8/jre/lib/amd64/libnet.so
7f27509a9000-7f2750ba9000 ---p 00016000 08:05 12060126                   /opt/java/jdk1.8/jre/lib/amd64/libnet.so
7f2750ba9000-7f2750baa000 rw-p 00016000 08:05 12060126                   /opt/java/jdk1.8/jre/lib/amd64/libnet.so
7f2750baa000-7f2750bc1000 r--s 001d2000 08:01 33161338                   /home/luiz/.m2/repository/mysql/mysql-connector-java/6.0.6/mysql-connector-java-6.0.6.jar
7f2750bc1000-7f2750bc9000 r--s 00078000 08:01 33032557                   /home/luiz/.m2/repository/com/sun/mail/javax.mail/1.5.0/javax.mail-1.5.0.jar
7f2750bc9000-7f2750bfd000 r--s 001a4000 08:01 33033024                   /home/luiz/.m2/repository/javax/javaee-api/7.0/javaee-api-7.0.jar
7f2750bfd000-7f2750c78000 r--s 005d5000 08:01 34737019                   /home/luiz/workspace/Dasa/webapp/WEB-INF/lib/hibernate-core-5.2.10.Final.jar
7f2750c78000-7f2750c79000 ---p 00000000 00:00 0 
7f2750c79000-7f2750d79000 rw-p 00000000 00:00 0 
7f2750d79000-7f2750d7c000 ---p 00000000 00:00 0 
7f2750d7c000-7f2750e7a000 rw-p 00000000 00:00 0 
7f2750e7a000-7f2750e7d000 ---p 00000000 00:00 0 
7f2750e7d000-7f2750f7b000 rw-p 00000000 00:00 0 
7f2750f7b000-7f2750f7e000 ---p 00000000 00:00 0 
7f2750f7e000-7f275107c000 rw-p 00000000 00:00 0 
7f275107c000-7f275107f000 ---p 00000000 00:00 0 
7f275107f000-7f275117d000 rw-p 00000000 00:00 0 
7f275117d000-7f2751180000 ---p 00000000 00:00 0 
7f2751180000-7f275127e000 rw-p 00000000 00:00 0 
7f275127e000-7f2751281000 ---p 00000000 00:00 0 
7f2751281000-7f275137f000 rw-p 00000000 00:00 0 
7f275137f000-7f275165c000 r--p 00000000 08:05 12190250                   /usr/lib/locale/locale-archive
7f275165c000-7f275165f000 ---p 00000000 00:00 0 
7f275165f000-7f275175d000 rw-p 00000000 00:00 0 
7f275175d000-7f2751760000 ---p 00000000 00:00 0 
7f2751760000-7f275185e000 rw-p 00000000 00:00 0 
7f275185e000-7f275185f000 ---p 00000000 00:00 0 
7f275185f000-7f2753a9e000 rw-p 00000000 00:00 0 
7f2753a9e000-7f2753c1e000 ---p 00000000 00:00 0 
7f2753c1e000-7f2754000000 rw-p 00000000 00:00 0 
7f2754000000-7f27561a6000 rw-p 00000000 00:00 0 
7f27561a6000-7f2758000000 ---p 00000000 00:00 0 
7f2758000000-7f275a252000 rw-p 00000000 00:00 0 
7f275a252000-7f275c000000 ---p 00000000 00:00 0 
7f275c000000-7f275fd17000 rw-p 00000000 00:00 0 
7f275fd17000-7f2760000000 ---p 00000000 00:00 0 
7f2760001000-7f2760006000 r--s 0009a000 08:05 12060070                   /opt/java/jdk1.8/jre/lib/jsse.jar
7f2760006000-7f27601e0000 r--s 03d4d000 08:05 12060118                   /opt/java/jdk1.8/jre/lib/rt.jar
7f27601e0000-7f2764000000 rw-p 00000000 00:00 0 
7f2764000000-7f2764ba8000 rw-p 00000000 00:00 0 
7f2764ba8000-7f2768000000 ---p 00000000 00:00 0 
7f2768000000-7f2768005000 r--s 00034000 08:01 35527328                   /home/luiz/.m2/repository/com/google/code/gson/gson/2.8.1/gson-2.8.1.jar
7f2768005000-7f2768007000 r--s 0000e000 08:01 33032883                   /home/luiz/.m2/repository/javax/activation/activation/1.1/activation-1.1.jar
7f2768007000-7f276800c000 r--s 00049000 08:01 9570489                    /home/luiz/.m2/repository/com/itextpdf/layout/7.0.2/layout-7.0.2.jar
7f276800c000-7f276801a000 r--s 000eb000 08:01 9570482                    /home/luiz/.m2/repository/com/itextpdf/kernel/7.0.2/kernel-7.0.2.jar
7f276801a000-7f276817e000 rw-p 00000000 00:00 0 
7f276817e000-7f276817f000 ---p 00000000 00:00 0 
7f276817f000-7f276827f000 rw-p 00000000 00:00 0 
7f276827f000-7f2768280000 ---p 00000000 00:00 0 
7f2768280000-7f2768380000 rw-p 00000000 00:00 0 
7f2768380000-7f2768381000 ---p 00000000 00:00 0 
7f2768381000-7f2768481000 rw-p 00000000 00:00 0 
7f2768481000-7f2768482000 ---p 00000000 00:00 0 
7f2768482000-7f2768582000 rw-p 00000000 00:00 0 
7f2768582000-7f2768583000 ---p 00000000 00:00 0 
7f2768583000-7f2768683000 rw-p 00000000 00:00 0 
7f2768683000-7f2768684000 ---p 00000000 00:00 0 
7f2768684000-7f2768784000 rw-p 00000000 00:00 0 
7f2768784000-7f2768785000 ---p 00000000 00:00 0 
7f2768785000-7f2768885000 rw-p 00000000 00:00 0 
7f2768885000-7f2768886000 ---p 00000000 00:00 0 
7f2768886000-7f2768c1d000 rw-p 00000000 00:00 0 
7f2768c1d000-7f2768eb3000 rw-p 00000000 00:00 0 
7f2768eb3000-7f2768fcf000 rw-p 00000000 00:00 0 
7f2768fcf000-7f2768fff000 ---p 00000000 00:00 0 
7f2768fff000-7f2769000000 rw-p 00000000 00:00 0 
7f2769000000-7f2769270000 rwxp 00000000 00:00 0 
7f2769270000-7f2778000000 ---p 00000000 00:00 0 
7f2778000000-7f27784d8000 rw-p 00000000 00:00 0 
7f27784d8000-7f277c000000 ---p 00000000 00:00 0 
7f277c000000-7f277c002000 r--s 00007000 08:01 9570487                    /home/luiz/.m2/repository/org/slf4j/slf4j-api/1.7.13/slf4j-api-1.7.13.jar
7f277c002000-7f277c00a000 r--s 0009a000 08:01 9570485                    /home/luiz/.m2/repository/com/itextpdf/io/7.0.2/io-7.0.2.jar
7f277c00a000-7f277c014000 r--s 000ae000 08:01 34737022                   /home/luiz/workspace/Dasa/webapp/WEB-INF/lib/javassist-3.20.0-GA.jar
7f277c014000-7f277c0e3000 rw-p 00000000 00:00 0 
7f277c0e3000-7f277c499000 ---p 00000000 00:00 0 
7f277c499000-7f277c4b3000 r-xp 00000000 08:05 12060149                   /opt/java/jdk1.8/jre/lib/amd64/libzip.so
7f277c4b3000-7f277c6b3000 ---p 0001a000 08:05 12060149                   /opt/java/jdk1.8/jre/lib/amd64/libzip.so
7f277c6b3000-7f277c6b4000 rw-p 0001a000 08:05 12060149                   /opt/java/jdk1.8/jre/lib/amd64/libzip.so
7f277c6b4000-7f277c6bf000 r-xp 00000000 08:05 18615560                   /lib/x86_64-linux-gnu/libnss_files-2.24.so
7f277c6bf000-7f277c8be000 ---p 0000b000 08:05 18615560                   /lib/x86_64-linux-gnu/libnss_files-2.24.so
7f277c8be000-7f277c8bf000 r--p 0000a000 08:05 18615560                   /lib/x86_64-linux-gnu/libnss_files-2.24.so
7f277c8bf000-7f277c8c0000 rw-p 0000b000 08:05 18615560                   /lib/x86_64-linux-gnu/libnss_files-2.24.so
7f277c8c0000-7f277c8c6000 rw-p 00000000 00:00 0 
7f277c8c6000-7f277c8d1000 r-xp 00000000 08:05 18615564                   /lib/x86_64-linux-gnu/libnss_nis-2.24.so
7f277c8d1000-7f277cad0000 ---p 0000b000 08:05 18615564                   /lib/x86_64-linux-gnu/libnss_nis-2.24.so
7f277cad0000-7f277cad1000 r--p 0000a000 08:05 18615564                   /lib/x86_64-linux-gnu/libnss_nis-2.24.so
7f277cad1000-7f277cad2000 rw-p 0000b000 08:05 18615564                   /lib/x86_64-linux-gnu/libnss_nis-2.24.so
7f277cad2000-7f277cae8000 r-xp 00000000 08:05 18615554                   /lib/x86_64-linux-gnu/libnsl-2.24.so
7f277cae8000-7f277cce7000 ---p 00016000 08:05 18615554                   /lib/x86_64-linux-gnu/libnsl-2.24.so
7f277cce7000-7f277cce8000 r--p 00015000 08:05 18615554                   /lib/x86_64-linux-gnu/libnsl-2.24.so
7f277cce8000-7f277cce9000 rw-p 00016000 08:05 18615554                   /lib/x86_64-linux-gnu/libnsl-2.24.so
7f277cce9000-7f277cceb000 rw-p 00000000 00:00 0 
7f277cceb000-7f277ccf3000 r-xp 00000000 08:05 18615556                   /lib/x86_64-linux-gnu/libnss_compat-2.24.so
7f277ccf3000-7f277cef2000 ---p 00008000 08:05 18615556                   /lib/x86_64-linux-gnu/libnss_compat-2.24.so
7f277cef2000-7f277cef3000 r--p 00007000 08:05 18615556                   /lib/x86_64-linux-gnu/libnss_compat-2.24.so
7f277cef3000-7f277cef4000 rw-p 00008000 08:05 18615556                   /lib/x86_64-linux-gnu/libnss_compat-2.24.so
7f277cef4000-7f277cf1f000 r-xp 00000000 08:05 12060176                   /opt/java/jdk1.8/jre/lib/amd64/libjava.so
7f277cf1f000-7f277d11e000 ---p 0002b000 08:05 12060176                   /opt/java/jdk1.8/jre/lib/amd64/libjava.so
7f277d11e000-7f277d120000 rw-p 0002a000 08:05 12060176                   /opt/java/jdk1.8/jre/lib/amd64/libjava.so
7f277d120000-7f277d12d000 r-xp 00000000 08:05 12060127                   /opt/java/jdk1.8/jre/lib/amd64/libverify.so
7f277d12d000-7f277d32d000 ---p 0000d000 08:05 12060127                   /opt/java/jdk1.8/jre/lib/amd64/libverify.so
7f277d32d000-7f277d32f000 rw-p 0000d000 08:05 12060127                   /opt/java/jdk1.8/jre/lib/amd64/libverify.so
7f277d32f000-7f277d336000 r-xp 00000000 08:05 18615573                   /lib/x86_64-linux-gnu/librt-2.24.so
7f277d336000-7f277d535000 ---p 00007000 08:05 18615573                   /lib/x86_64-linux-gnu/librt-2.24.so
7f277d535000-7f277d536000 r--p 00006000 08:05 18615573                   /lib/x86_64-linux-gnu/librt-2.24.so
7f277d536000-7f277d537000 rw-p 00007000 08:05 18615573                   /lib/x86_64-linux-gnu/librt-2.24.so
7f277d537000-7f277d63f000 r-xp 00000000 08:05 18615548                   /lib/x86_64-linux-gnu/libm-2.24.so
7f277d63f000-7f277d83e000 ---p 00108000 08:05 18615548                   /lib/x86_64-linux-gnu/libm-2.24.so
7f277d83e000-7f277d83f000 r--p 00107000 08:05 18615548                   /lib/x86_64-linux-gnu/libm-2.24.so
7f277d83f000-7f277d840000 rw-p 00108000 08:05 18615548                   /lib/x86_64-linux-gnu/libm-2.24.so
7f277d840000-7f277e513000 r-xp 00000000 08:05 12060180                   /opt/java/jdk1.8/jre/lib/amd64/server/libjvm.so
7f277e513000-7f277e712000 ---p 00cd3000 08:05 12060180                   /opt/java/jdk1.8/jre/lib/amd64/server/libjvm.so
7f277e712000-7f277e7ec000 rw-p 00cd2000 08:05 12060180                   /opt/java/jdk1.8/jre/lib/amd64/server/libjvm.so
7f277e7ec000-7f277e837000 rw-p 00000000 00:00 0 
7f277e837000-7f277e9f5000 r-xp 00000000 08:05 18615540                   /lib/x86_64-linux-gnu/libc-2.24.so
7f277e9f5000-7f277ebf4000 ---p 001be000 08:05 18615540                   /lib/x86_64-linux-gnu/libc-2.24.so
7f277ebf4000-7f277ebf8000 r--p 001bd000 08:05 18615540                   /lib/x86_64-linux-gnu/libc-2.24.so
7f277ebf8000-7f277ebfa000 rw-p 001c1000 08:05 18615540                   /lib/x86_64-linux-gnu/libc-2.24.so
7f277ebfa000-7f277ebfe000 rw-p 00000000 00:00 0 
7f277ebfe000-7f277ec01000 r-xp 00000000 08:05 18615546                   /lib/x86_64-linux-gnu/libdl-2.24.so
7f277ec01000-7f277ee00000 ---p 00003000 08:05 18615546                   /lib/x86_64-linux-gnu/libdl-2.24.so
7f277ee00000-7f277ee01000 r--p 00002000 08:05 18615546                   /lib/x86_64-linux-gnu/libdl-2.24.so
7f277ee01000-7f277ee02000 rw-p 00003000 08:05 18615546                   /lib/x86_64-linux-gnu/libdl-2.24.so
7f277ee02000-7f277ee17000 r-xp 00000000 08:05 12059261                   /opt/java/jdk1.8/lib/amd64/jli/libjli.so
7f277ee17000-7f277f017000 ---p 00015000 08:05 12059261                   /opt/java/jdk1.8/lib/amd64/jli/libjli.so
7f277f017000-7f277f018000 rw-p 00015000 08:05 12059261                   /opt/java/jdk1.8/lib/amd64/jli/libjli.so
7f277f018000-7f277f030000 r-xp 00000000 08:05 18615570                   /lib/x86_64-linux-gnu/libpthread-2.24.so
7f277f030000-7f277f230000 ---p 00018000 08:05 18615570                   /lib/x86_64-linux-gnu/libpthread-2.24.so
7f277f230000-7f277f231000 r--p 00018000 08:05 18615570                   /lib/x86_64-linux-gnu/libpthread-2.24.so
7f277f231000-7f277f232000 rw-p 00019000 08:05 18615570                   /lib/x86_64-linux-gnu/libpthread-2.24.so
7f277f232000-7f277f236000 rw-p 00000000 00:00 0 
7f277f236000-7f277f25c000 r-xp 00000000 08:05 18615532                   /lib/x86_64-linux-gnu/ld-2.24.so
7f277f25c000-7f277f25d000 r--s 00006000 08:01 34737024                   /home/luiz/workspace/Dasa/webapp/WEB-INF/lib/jboss-transaction-api_1.2_spec-1.0.1.Final.jar
7f277f25d000-7f277f25f000 r--s 0000f000 08:01 34737023                   /home/luiz/workspace/Dasa/webapp/WEB-INF/lib/jboss-logging-3.3.0.Final.jar
7f277f25f000-7f277f264000 r--s 00017000 08:01 34737020                   /home/luiz/workspace/Dasa/webapp/WEB-INF/lib/hibernate-jpa-2.1-api-1.0.0.Final.jar
7f277f264000-7f277f32f000 rw-p 00000000 00:00 0 
7f277f32f000-7f277f332000 ---p 00000000 00:00 0 
7f277f332000-7f277f432000 rw-p 00000000 00:00 0 
7f277f432000-7f277f435000 r--s 0002b000 08:01 34737021                   /home/luiz/workspace/Dasa/webapp/WEB-INF/lib/jandex-2.0.3.Final.jar
7f277f435000-7f277f438000 r--s 00010000 08:01 34737018                   /home/luiz/workspace/Dasa/webapp/WEB-INF/lib/hibernate-commons-annotations-5.0.1.Final.jar
7f277f438000-7f277f43d000 r--s 00048000 08:01 34737017                   /home/luiz/workspace/Dasa/webapp/WEB-INF/lib/dom4j-1.6.1.jar
7f277f43d000-7f277f43f000 r--s 0000e000 08:01 34737016                   /home/luiz/workspace/Dasa/webapp/WEB-INF/lib/classmate-1.3.0.jar
7f277f43f000-7f277f444000 r--s 00068000 08:01 34736980                   /home/luiz/workspace/Dasa/webapp/WEB-INF/lib/antlr-2.7.7.jar
7f277f444000-7f277f446000 r--s 0000c000 08:01 34343377                   /home/luiz/.p2/pool/plugins/org.hamcrest.core_1.3.0.v201303031735.jar
7f277f446000-7f277f44e000 r--s 00045000 08:01 8128296                    /home/luiz/.p2/pool/plugins/org.junit_4.12.0.v201504281640/junit.jar
7f277f44e000-7f277f456000 rw-s 00000000 08:05 12060573                   /tmp/hsperfdata_luiz/25082
7f277f456000-7f277f457000 rw-p 00000000 00:00 0 
7f277f457000-7f277f458000 ---p 00000000 00:00 0 
7f277f458000-7f277f45b000 rw-p 00000000 00:00 0 
7f277f45b000-7f277f45c000 r--p 00025000 08:05 18615532                   /lib/x86_64-linux-gnu/ld-2.24.so
7f277f45c000-7f277f45d000 rw-p 00026000 08:05 18615532                   /lib/x86_64-linux-gnu/ld-2.24.so
7f277f45d000-7f277f45e000 rw-p 00000000 00:00 0 
7ffdbe3a0000-7ffdbe3c1000 rw-p 00000000 00:00 0                          [stack]
7ffdbe3ef000-7ffdbe3f1000 r--p 00000000 00:00 0                          [vvar]
7ffdbe3f1000-7ffdbe3f3000 r-xp 00000000 00:00 0                          [vdso]
ffffffffff600000-ffffffffff601000 r-xp 00000000 00:00 0                  [vsyscall]

VM Arguments:
jvm_args: -ea -Dfile.encoding=UTF-8 
java_command: org.eclipse.jdt.internal.junit.runner.RemoteTestRunner -version 3 -port 40911 -testLoaderClass org.eclipse.jdt.internal.junit4.runner.JUnit4TestLoader -loaderpluginname org.eclipse.jdt.junit4.runtime -test br.com.iveso.dasa.service.teste.ReciboServiceTeste:creditar_quantidade_item_recibo_com_mais_de_uma_nota
java_class_path (initial): /home/luiz/workspace/Dasa/target/classes:/home/luiz/.p2/pool/plugins/org.junit_4.12.0.v201504281640/junit.jar:/home/luiz/.p2/pool/plugins/org.hamcrest.core_1.3.0.v201303031735.jar:/home/luiz/workspace/Dasa/webapp/WEB-INF/lib/antlr-2.7.7.jar:/home/luiz/workspace/Dasa/webapp/WEB-INF/lib/classmate-1.3.0.jar:/home/luiz/workspace/Dasa/webapp/WEB-INF/lib/dom4j-1.6.1.jar:/home/luiz/workspace/Dasa/webapp/WEB-INF/lib/hibernate-commons-annotations-5.0.1.Final.jar:/home/luiz/workspace/Dasa/webapp/WEB-INF/lib/hibernate-core-5.2.10.Final.jar:/home/luiz/workspace/Dasa/webapp/WEB-INF/lib/hibernate-jpa-2.1-api-1.0.0.Final.jar:/home/luiz/workspace/Dasa/webapp/WEB-INF/lib/jandex-2.0.3.Final.jar:/home/luiz/workspace/Dasa/webapp/WEB-INF/lib/javassist-3.20.0-GA.jar:/home/luiz/workspace/Dasa/webapp/WEB-INF/lib/jboss-logging-3.3.0.Final.jar:/home/luiz/workspace/Dasa/webapp/WEB-INF/lib/jboss-transaction-api_1.2_spec-1.0.1.Final.jar:/home/luiz/.m2/repository/com/itextpdf/kernel/7.0.2/kernel-7.0.2.jar:/home/luiz/.m2/repository/com/itextpdf/io/7.0.2/io-7.0.2.jar:/home/luiz/.m2/repository/org/slf4j/slf4j-api/1.7.13/slf4j-api-1.7.13.jar:/home/luiz/.m2/repository/com/itextpdf/layout/7.0.2/layout-7.0.2.jar:/home/luiz/.m2/repository/javax/javaee-api/7.0/javaee-api-7.0.jar:/home/luiz/.m2/repository/com/sun/mail/javax.mail/1.5.0/javax.mail-1.5.0.jar:/home/luiz/.m2/repository/javax/activation/activation/1.1/activation-1.1.jar:/home/luiz/.m2/repository/mysql/mysql-connector-java/6.0.6/mysql-connector-java-6.0.6.jar:/home/luiz/.m2/repository/com/google/code/gson/gson/2.8.1/gson-2.8.1.jar:/opt/eclipse/configuration/org.eclipse.osgi/407/0/.cp:/opt/eclipse/configuration/org.eclipse.osgi/406/0/.cp
Launcher Type: SUN_STANDARD

Environment Variables:
PATH=/home/luiz/bin:/home/luiz/.local/bin:/usr/local/sbin:/usr/local/bin:/usr/sbin:/usr/bin:/sbin:/bin:/usr/games:/usr/local/games:/snap/bin
USERNAME=luiz
SHELL=/bin/bash
DISPLAY=:1

Signal Handlers:
SIGSEGV: [libjvm.so+0xacba10], sa_mask[0]=11111111011111111101111111111110, sa_flags=SA_RESTART|SA_SIGINFO
SIGBUS: [libjvm.so+0xacba10], sa_mask[0]=11111111011111111101111111111110, sa_flags=SA_RESTART|SA_SIGINFO
SIGFPE: [libjvm.so+0x924ba0], sa_mask[0]=11111111011111111101111111111110, sa_flags=SA_RESTART|SA_SIGINFO
SIGPIPE: [libjvm.so+0x924ba0], sa_mask[0]=11111111011111111101111111111110, sa_flags=SA_RESTART|SA_SIGINFO
SIGXFSZ: [libjvm.so+0x924ba0], sa_mask[0]=11111111011111111101111111111110, sa_flags=SA_RESTART|SA_SIGINFO
SIGILL: [libjvm.so+0x924ba0], sa_mask[0]=11111111011111111101111111111110, sa_flags=SA_RESTART|SA_SIGINFO
SIGUSR1: SIG_DFL, sa_mask[0]=00000000000000000000000000000000, sa_flags=none
SIGUSR2: [libjvm.so+0x9263e0], sa_mask[0]=00100000000000000000000000000000, sa_flags=SA_RESTART|SA_SIGINFO
SIGHUP: [libjvm.so+0x9277e0], sa_mask[0]=11111111011111111101111111111110, sa_flags=SA_RESTART|SA_SIGINFO
SIGINT: [libjvm.so+0x9277e0], sa_mask[0]=11111111011111111101111111111110, sa_flags=SA_RESTART|SA_SIGINFO
SIGTERM: [libjvm.so+0x9277e0], sa_mask[0]=11111111011111111101111111111110, sa_flags=SA_RESTART|SA_SIGINFO
SIGQUIT: [libjvm.so+0x9277e0], sa_mask[0]=11111111011111111101111111111110, sa_flags=SA_RESTART|SA_SIGINFO


---------------  S Y S T E M  ---------------

OS:DISTRIB_ID=Ubuntu
DISTRIB_RELEASE=17.04
DISTRIB_CODENAME=zesty
DISTRIB_DESCRIPTION="Ubuntu 17.04"

uname:Linux 4.10.0-37-generic #41-Ubuntu SMP Fri Oct 6 20:20:37 UTC 2017 x86_64
libc:glibc 2.24 NPTL 2.24 
rlimit: STACK 8192k, CORE 0k, NPROC 31618, NOFILE 1048576, AS infinity
load average:18.11 5.13 2.04

/proc/meminfo:
MemTotal:        8139428 kB
MemFree:          119516 kB
MemAvailable:      26220 kB
Buffers:            1412 kB
Cached:            76564 kB
SwapCached:        94476 kB
Active:          6857852 kB
Inactive:         875624 kB
Active(anon):    6837988 kB
Inactive(anon):   852876 kB
Active(file):      19864 kB
Inactive(file):    22748 kB
Unevictable:         616 kB
Mlocked:             616 kB
SwapTotal:       5081084 kB
SwapFree:        3801228 kB
Dirty:                72 kB
Writeback:         89852 kB
AnonPages:       7566232 kB
Mapped:            98180 kB
Shmem:             35060 kB
Slab:             104916 kB
SReclaimable:      40616 kB
SUnreclaim:        64300 kB
KernelStack:       16592 kB
PageTables:        70384 kB
NFS_Unstable:          0 kB
Bounce:                0 kB
WritebackTmp:          0 kB
CommitLimit:     9150796 kB
Committed_AS:   14656144 kB
VmallocTotal:   34359738367 kB
VmallocUsed:           0 kB
VmallocChunk:          0 kB
HardwareCorrupted:     0 kB
AnonHugePages:   2179072 kB
ShmemHugePages:        0 kB
ShmemPmdMapped:        0 kB
CmaTotal:              0 kB
CmaFree:               0 kB
HugePages_Total:       0
HugePages_Free:        0
HugePages_Rsvd:        0
HugePages_Surp:        0
Hugepagesize:       2048 kB
DirectMap4k:      357920 kB
DirectMap2M:     7997440 kB


CPU:total 8 (initial active 8) (4 cores per cpu, 2 threads per core) family 6 model 42 stepping 7, cmov, cx8, fxsr, mmx, sse, sse2, sse3, ssse3, sse4.1, sse4.2, popcnt, avx, aes, clmul, ht, tsc, tscinvbit

/proc/cpuinfo:
processor	: 0
vendor_id	: GenuineIntel
cpu family	: 6
model		: 42
model name	: Intel(R) Core(TM) i7-2600K CPU @ 3.40GHz
stepping	: 7
microcode	: 0x29
cpu MHz		: 1999.865
cache size	: 8192 KB
physical id	: 0
siblings	: 8
core id		: 0
cpu cores	: 4
apicid		: 0
initial apicid	: 0
fpu		: yes
fpu_exception	: yes
cpuid level	: 13
wp		: yes
flags		: fpu vme de pse tsc msr pae mce cx8 apic sep mtrr pge mca cmov pat pse36 clflush dts acpi mmx fxsr sse sse2 ss ht tm pbe syscall nx rdtscp lm constant_tsc arch_perfmon pebs bts rep_good nopl xtopology nonstop_tsc aperfmperf pni pclmulqdq dtes64 monitor ds_cpl vmx est tm2 ssse3 cx16 xtpr pdcm pcid sse4_1 sse4_2 popcnt tsc_deadline_timer aes xsave avx lahf_lm epb tpr_shadow vnmi flexpriority ept vpid xsaveopt dtherm ida arat pln pts
bugs		:
bogomips	: 7005.48
clflush size	: 64
cache_alignment	: 64
address sizes	: 36 bits physical, 48 bits virtual
power management:

processor	: 1
vendor_id	: GenuineIntel
cpu family	: 6
model		: 42
model name	: Intel(R) Core(TM) i7-2600K CPU @ 3.40GHz
stepping	: 7
microcode	: 0x29
cpu MHz		: 1999.865
cache size	: 8192 KB
physical id	: 0
siblings	: 8
core id		: 1
cpu cores	: 4
apicid		: 2
initial apicid	: 2
fpu		: yes
fpu_exception	: yes
cpuid level	: 13
wp		: yes
flags		: fpu vme de pse tsc msr pae mce cx8 apic sep mtrr pge mca cmov pat pse36 clflush dts acpi mmx fxsr sse sse2 ss ht tm pbe syscall nx rdtscp lm constant_tsc arch_perfmon pebs bts rep_good nopl xtopology nonstop_tsc aperfmperf pni pclmulqdq dtes64 monitor ds_cpl vmx est tm2 ssse3 cx16 xtpr pdcm pcid sse4_1 sse4_2 popcnt tsc_deadline_timer aes xsave avx lahf_lm epb tpr_shadow vnmi flexpriority ept vpid xsaveopt dtherm ida arat pln pts
bugs		:
bogomips	: 7005.48
clflush size	: 64
cache_alignment	: 64
address sizes	: 36 bits physical, 48 bits virtual
power management:

processor	: 2
vendor_id	: GenuineIntel
cpu family	: 6
model		: 42
model name	: Intel(R) Core(TM) i7-2600K CPU @ 3.40GHz
stepping	: 7
microcode	: 0x29
cpu MHz		: 1999.865
cache size	: 8192 KB
physical id	: 0
siblings	: 8
core id		: 2
cpu cores	: 4
apicid		: 4
initial apicid	: 4
fpu		: yes
fpu_exception	: yes
cpuid level	: 13
wp		: yes
flags		: fpu vme de pse tsc msr pae mce cx8 apic sep mtrr pge mca cmov pat pse36 clflush dts acpi mmx fxsr sse sse2 ss ht tm pbe syscall nx rdtscp lm constant_tsc arch_perfmon pebs bts rep_good nopl xtopology nonstop_tsc aperfmperf pni pclmulqdq dtes64 monitor ds_cpl vmx est tm2 ssse3 cx16 xtpr pdcm pcid sse4_1 sse4_2 popcnt tsc_deadline_timer aes xsave avx lahf_lm epb tpr_shadow vnmi flexpriority ept vpid xsaveopt dtherm ida arat pln pts
bugs		:
bogomips	: 7005.48
clflush size	: 64
cache_alignment	: 64
address sizes	: 36 bits physical, 48 bits virtual
power management:

processor	: 3
vendor_id	: GenuineIntel
cpu family	: 6
model		: 42
model name	: Intel(R) Core(TM) i7-2600K CPU @ 3.40GHz
stepping	: 7
microcode	: 0x29
cpu MHz		: 1999.865
cache size	: 8192 KB
physical id	: 0
siblings	: 8
core id		: 3
cpu cores	: 4
apicid		: 6
initial apicid	: 6
fpu		: yes
fpu_exception	: yes
cpuid level	: 13
wp		: yes
flags		: fpu vme de pse tsc msr pae mce cx8 apic sep mtrr pge mca cmov pat pse36 clflush dts acpi mmx fxsr sse sse2 ss ht tm pbe syscall nx rdtscp lm constant_tsc arch_perfmon pebs bts rep_good nopl xtopology nonstop_tsc aperfmperf pni pclmulqdq dtes64 monitor ds_cpl vmx est tm2 ssse3 cx16 xtpr pdcm pcid sse4_1 sse4_2 popcnt tsc_deadline_timer aes xsave avx lahf_lm epb tpr_shadow vnmi flexpriority ept vpid xsaveopt dtherm ida arat pln pts
bugs		:
bogomips	: 7005.48
clflush size	: 64
cache_alignment	: 64
address sizes	: 36 bits physical, 48 bits virtual
power management:

processor	: 4
vendor_id	: GenuineIntel
cpu family	: 6
model		: 42
model name	: Intel(R) Core(TM) i7-2600K CPU @ 3.40GHz
stepping	: 7
microcode	: 0x29
cpu MHz		: 1999.865
cache size	: 8192 KB
physical id	: 0
siblings	: 8
core id		: 0
cpu cores	: 4
apicid		: 1
initial apicid	: 1
fpu		: yes
fpu_exception	: yes
cpuid level	: 13
wp		: yes
flags		: fpu vme de pse tsc msr pae mce cx8 apic sep mtrr pge mca cmov pat pse36 clflush dts acpi mmx fxsr sse sse2 ss ht tm pbe syscall nx rdtscp lm constant_tsc arch_perfmon pebs bts rep_good nopl xtopology nonstop_tsc aperfmperf pni pclmulqdq dtes64 monitor ds_cpl vmx est tm2 ssse3 cx16 xtpr pdcm pcid sse4_1 sse4_2 popcnt tsc_deadline_timer aes xsave avx lahf_lm epb tpr_shadow vnmi flexpriority ept vpid xsaveopt dtherm ida arat pln pts
bugs		:
bogomips	: 7005.48
clflush size	: 64
cache_alignment	: 64
address sizes	: 36 bits physical, 48 bits virtual
power management:

processor	: 5
vendor_id	: GenuineIntel
cpu family	: 6
model		: 42
model name	: Intel(R) Core(TM) i7-2600K CPU @ 3.40GHz
stepping	: 7
microcode	: 0x29
cpu MHz		: 1999.865
cache size	: 8192 KB
physical id	: 0
siblings	: 8
core id		: 1
cpu cores	: 4
apicid		: 3
initial apicid	: 3
fpu		: yes
fpu_exception	: yes
cpuid level	: 13
wp		: yes
flags		: fpu vme de pse tsc msr pae mce cx8 apic sep mtrr pge mca cmov pat pse36 clflush dts acpi mmx fxsr sse sse2 ss ht tm pbe syscall nx rdtscp lm constant_tsc arch_perfmon pebs bts rep_good nopl xtopology nonstop_tsc aperfmperf pni pclmulqdq dtes64 monitor ds_cpl vmx est tm2 ssse3 cx16 xtpr pdcm pcid sse4_1 sse4_2 popcnt tsc_deadline_timer aes xsave avx lahf_lm epb tpr_shadow vnmi flexpriority ept vpid xsaveopt dtherm ida arat pln pts
bugs		:
bogomips	: 7005.48
clflush size	: 64
cache_alignment	: 64
address sizes	: 36 bits physical, 48 bits virtual
power management:

processor	: 6
vendor_id	: GenuineIntel
cpu family	: 6
model		: 42
model name	: Intel(R) Core(TM) i7-2600K CPU @ 3.40GHz
stepping	: 7
microcode	: 0x29
cpu MHz		: 1999.865
cache size	: 8192 KB
physical id	: 0
siblings	: 8
core id		: 2
cpu cores	: 4
apicid		: 5
initial apicid	: 5
fpu		: yes
fpu_exception	: yes
cpuid level	: 13
wp		: yes
flags		: fpu vme de pse tsc msr pae mce cx8 apic sep mtrr pge mca cmov pat pse36 clflush dts acpi mmx fxsr sse sse2 ss ht tm pbe syscall nx rdtscp lm constant_tsc arch_perfmon pebs bts rep_good nopl xtopology nonstop_tsc aperfmperf pni pclmulqdq dtes64 monitor ds_cpl vmx est tm2 ssse3 cx16 xtpr pdcm pcid sse4_1 sse4_2 popcnt tsc_deadline_timer aes xsave avx lahf_lm epb tpr_shadow vnmi flexpriority ept vpid xsaveopt dtherm ida arat pln pts
bugs		:
bogomips	: 7005.48
clflush size	: 64
cache_alignment	: 64
address sizes	: 36 bits physical, 48 bits virtual
power management:

processor	: 7
vendor_id	: GenuineIntel
cpu family	: 6
model		: 42
model name	: Intel(R) Core(TM) i7-2600K CPU @ 3.40GHz
stepping	: 7
microcode	: 0x29
cpu MHz		: 1999.865
cache size	: 8192 KB
physical id	: 0
siblings	: 8
core id		: 3
cpu cores	: 4
apicid		: 7
initial apicid	: 7
fpu		: yes
fpu_exception	: yes
cpuid level	: 13
wp		: yes
flags		: fpu vme de pse tsc msr pae mce cx8 apic sep mtrr pge mca cmov pat pse36 clflush dts acpi mmx fxsr sse sse2 ss ht tm pbe syscall nx rdtscp lm constant_tsc arch_perfmon pebs bts rep_good nopl xtopology nonstop_tsc aperfmperf pni pclmulqdq dtes64 monitor ds_cpl vmx est tm2 ssse3 cx16 xtpr pdcm pcid sse4_1 sse4_2 popcnt tsc_deadline_timer aes xsave avx lahf_lm epb tpr_shadow vnmi flexpriority ept vpid xsaveopt dtherm ida arat pln pts
bugs		:
bogomips	: 7005.48
clflush size	: 64
cache_alignment	: 64
address sizes	: 36 bits physical, 48 bits virtual
power management:



Memory: 4k page, physical 8139428k(119516k free), swap 5081084k(3801228k free)

vm_info: Java HotSpot(TM) 64-Bit Server VM (25.144-b01) for linux-amd64 JRE (1.8.0_144-b01), built on Jul 21 2017 21:57:33 by "java_re" with gcc 4.3.0 20080428 (Red Hat 4.3.0-8)

time: Mon Oct 16 13:46:40 2017
elapsed time: 72 seconds (0d 0h 1m 12s)

